[12:49:41] [main/INFO] (FabricLoader/GameProvider) Loading Minecraft 1.21.4 with Fabric Loader 0.16.14
[12:49:41] [main/INFO] (FabricLoader) Loading 55 mods:
	- fabric-api 0.119.3+1.21.4
	- fabric-api-base 0.4.54+b47eab6b04
	- fabric-api-lookup-api-v1 1.6.86+b1caf1e904
	- fabric-biome-api-v1 15.0.6+b1c29d8e04
	- fabric-block-api-v1 1.0.31+7feeb73304
	- fabric-block-view-api-v2 1.0.20+9c49cc8c04
	- fabric-blockrenderlayer-v1 2.0.8+7feeb73304
	- fabric-client-gametest-api-v1 4.1.1+6816ccd404
	- fabric-client-tags-api-v1 1.1.29+20ea1e2304
	- fabric-command-api-v1 1.2.62+f71b366f04
	- fabric-command-api-v2 2.2.41+e496eb1504
	- fabric-commands-v0 0.2.79+df3654b304
	- fabric-content-registries-v0 9.1.19+25d1a67604
	- fabric-convention-tags-v1 2.1.20+7f945d5b04
	- fabric-convention-tags-v2 2.14.1+1edcd29104
	- fabric-crash-report-info-v1 0.3.6+7feeb73304
	- fabric-data-attachment-api-v1 1.6.2+e99da0f704
	- fabric-data-generation-api-v1 22.3.1+0f4e5f5504
	- fabric-dimensions-v1 4.0.10+7feeb73304
	- fabric-entity-events-v1 2.0.15+62245bef04
	- fabric-events-interaction-v0 4.0.4+a4eebcf004
	- fabric-game-rule-api-v1 1.0.63+7d48d43904
	- fabric-gametest-api-v1 2.0.26+7feeb73304
	- fabric-item-api-v1 11.3.0+ee91fa1f04
	- fabric-item-group-api-v1 4.2.2+fcb9601404
	- fabric-key-binding-api-v1 1.0.57+7d48d43904
	- fabric-keybindings-v0 0.2.55+df3654b304
	- fabric-lifecycle-events-v1 2.5.4+bf2a60eb04
	- fabric-loot-api-v2 3.0.38+3f89f5a504
	- fabric-loot-api-v3 1.0.26+203e6b2304
	- fabric-message-api-v1 6.0.26+238a33c004
	- fabric-model-loading-api-v1 4.3.0+ae23723504
	- fabric-networking-api-v1 4.4.0+db5e668204
	- fabric-object-builder-api-v1 18.0.14+38b0d59804
	- fabric-particles-v1 4.0.14+7feeb73304
	- fabric-recipe-api-v1 8.1.1+640e77ae04
	- fabric-registry-sync-v0 6.1.11+4a9c1ece04
	- fabric-renderer-api-v1 5.0.3+50f0feb204
	- fabric-renderer-indigo 2.0.3+50f0feb204
	- fabric-rendering-data-attachment-v1 0.3.58+73761d2e04
	- fabric-rendering-fluids-v1 3.1.19+7feeb73304
	- fabric-rendering-v1 10.2.1+0d31b09f04
	- fabric-resource-conditions-api-v1 5.0.13+203e6b2304
	- fabric-resource-loader-v0 3.1.1+360374ac04
	- fabric-screen-api-v1 2.0.38+7feeb73304
	- fabric-screen-handler-api-v1 1.3.118+7feeb73304
	- fabric-sound-api-v1 1.0.32+7feeb73304
	- fabric-tag-api-v1 1.0.7+7d48d43904
	- fabric-transfer-api-v1 5.4.9+efa825c904
	- fabric-transitive-access-wideners-v1 6.3.2+56e78b9b04
	- fabricloader 0.16.14
	- fabricweaponsapi 1.0-SNAPSHOT
	- java 21
	- minecraft 1.21.4
	- mixinextras 0.4.1
[12:49:41] [main/INFO] (FabricLoader/Mixin) SpongePowered MIXIN Subsystem Version=0.8.7 Source=file:/Users/darwinford/.gradle/caches/modules-2/files-2.1/net.fabricmc/sponge-mixin/0.15.5+mixin.0.8.7/22f9eb729e216a091673a574a5906dc1b9027fb3/sponge-mixin-0.15.5+mixin.0.8.7.jar Service=Knot/Fabric Env=CLIENT
[12:49:41] [main/INFO] (FabricLoader/Mixin) Loaded Fabric development mappings for mixin remapper!
[12:49:41] [main/INFO] (FabricLoader/Mixin) Compatibility level set to JAVA_21
[12:49:42] [main/INFO] (FabricLoader/MixinExtras|Service) Initializing MixinExtras via com.llamalad7.mixinextras.service.MixinExtrasServiceImpl(version=0.4.1).
[12:49:42] [Datafixer Bootstrap/INFO] (Minecraft) 243 Datafixer optimizations took 145 milliseconds
[12:49:46] [Render thread/INFO] (Minecraft) Environment: Environment[sessionHost=https://sessionserver.mojang.com, servicesHost=https://api.minecraftservices.com, name=PROD]
[12:49:46] [Render thread/INFO] (Minecraft) Setting user: Player245
[12:49:46] [Download-1/WARN] (Minecraft) Couldn't look up profile properties for 9f83efe4-f945-3a62-8c8a-b62cdf1ee258
com.mojang.authlib.exceptions.MinecraftClientException: Failed to read from https://sessionserver.mojang.com/session/minecraft/profile/9f83efe4f9453a628c8ab62cdf1ee258?unsigned=false due to sessionserver.mojang.com
	at knot/com.mojang.authlib.minecraft.client.MinecraftClient.readInputStream(MinecraftClient.java:111) ~[authlib-6.0.57.jar:?]
	at knot/com.mojang.authlib.minecraft.client.MinecraftClient.get(MinecraftClient.java:56) ~[authlib-6.0.57.jar:?]
	at knot/com.mojang.authlib.yggdrasil.YggdrasilMinecraftSessionService.fetchProfileUncached(YggdrasilMinecraftSessionService.java:201) ~[authlib-6.0.57.jar:?]
	at knot/com.mojang.authlib.yggdrasil.YggdrasilMinecraftSessionService.fetchProfile(YggdrasilMinecraftSessionService.java:171) ~[authlib-6.0.57.jar:?]
	at knot/net.minecraft.client.MinecraftClient.method_53464(MinecraftClient.java:453) ~[minecraft-clientOnly-d1fae903ae-1.21.4-net.fabricmc.yarn.1_21_4.1.21.4+build.8-v2.jar:?]
	at java.base/java.util.concurrent.CompletableFuture$AsyncSupply.run(CompletableFuture.java:1768) ~[?:?]
	at java.base/java.util.concurrent.ThreadPoolExecutor.runWorker(ThreadPoolExecutor.java:1144) ~[?:?]
	at java.base/java.util.concurrent.ThreadPoolExecutor$Worker.run(ThreadPoolExecutor.java:642) ~[?:?]
	at java.base/java.lang.Thread.run(Thread.java:1583) [?:?]
Caused by: java.net.UnknownHostException: sessionserver.mojang.com
	at java.base/sun.nio.ch.NioSocketImpl.connect(NioSocketImpl.java:567) ~[?:?]
	at java.base/java.net.SocksSocketImpl.connect(SocksSocketImpl.java:327) ~[?:?]
	at java.base/java.net.Socket.connect(Socket.java:751) ~[?:?]
	at java.base/sun.security.ssl.SSLSocketImpl.connect(SSLSocketImpl.java:304) ~[?:?]
	at java.base/sun.net.NetworkClient.doConnect(NetworkClient.java:178) ~[?:?]
	at java.base/sun.net.www.http.HttpClient.openServer(HttpClient.java:531) ~[?:?]
	at java.base/sun.net.www.http.HttpClient.openServer(HttpClient.java:636) ~[?:?]
	at java.base/sun.net.www.protocol.https.HttpsClient.<init>(HttpsClient.java:264) ~[?:?]
	at java.base/sun.net.www.protocol.https.HttpsClient.New(HttpsClient.java:377) ~[?:?]
	at java.base/sun.net.www.protocol.https.AbstractDelegateHttpsURLConnection.getNewHttpClient(AbstractDelegateHttpsURLConnection.java:193) ~[?:?]
	at java.base/sun.net.www.protocol.http.HttpURLConnection.plainConnect0(HttpURLConnection.java:1297) ~[?:?]
	at java.base/sun.net.www.protocol.http.HttpURLConnection.plainConnect(HttpURLConnection.java:1138) ~[?:?]
	at java.base/sun.net.www.protocol.https.AbstractDelegateHttpsURLConnection.connect(AbstractDelegateHttpsURLConnection.java:179) ~[?:?]
	at java.base/sun.net.www.protocol.http.HttpURLConnection.getInputStream0(HttpURLConnection.java:1690) ~[?:?]
	at java.base/sun.net.www.protocol.http.HttpURLConnection.getInputStream(HttpURLConnection.java:1614) ~[?:?]
	at java.base/java.net.HttpURLConnection.getResponseCode(HttpURLConnection.java:531) ~[?:?]
	at java.base/sun.net.www.protocol.https.HttpsURLConnectionImpl.getResponseCode(HttpsURLConnectionImpl.java:307) ~[?:?]
	at knot/com.mojang.authlib.minecraft.client.MinecraftClient.readInputStream(MinecraftClient.java:82) ~[authlib-6.0.57.jar:?]
	... 8 more
[12:49:46] [Yggdrasil Key Fetcher/ERROR] (Minecraft) Failed to request yggdrasil public key
com.mojang.authlib.exceptions.MinecraftClientException: Failed to read from https://api.minecraftservices.com/publickeys due to api.minecraftservices.com
	at knot/com.mojang.authlib.minecraft.client.MinecraftClient.readInputStream(MinecraftClient.java:111) ~[authlib-6.0.57.jar:?]
	at knot/com.mojang.authlib.minecraft.client.MinecraftClient.get(MinecraftClient.java:56) ~[authlib-6.0.57.jar:?]
	at knot/com.mojang.authlib.yggdrasil.YggdrasilServicesKeyInfo.fetch(YggdrasilServicesKeyInfo.java:114) ~[authlib-6.0.57.jar:?]
	at knot/com.mojang.authlib.yggdrasil.YggdrasilServicesKeyInfo$1.run(YggdrasilServicesKeyInfo.java:89) ~[authlib-6.0.57.jar:?]
	at java.base/java.util.concurrent.Executors$RunnableAdapter.call(Executors.java:572) ~[?:?]
	at java.base/java.util.concurrent.FutureTask.run(FutureTask.java:317) ~[?:?]
	at java.base/java.util.concurrent.ScheduledThreadPoolExecutor$ScheduledFutureTask.run(ScheduledThreadPoolExecutor.java:304) ~[?:?]
	at java.base/java.util.concurrent.ThreadPoolExecutor.runWorker(ThreadPoolExecutor.java:1144) ~[?:?]
	at java.base/java.util.concurrent.ThreadPoolExecutor$Worker.run(ThreadPoolExecutor.java:642) ~[?:?]
	at java.base/java.lang.Thread.run(Thread.java:1583) [?:?]
Caused by: java.net.UnknownHostException: api.minecraftservices.com
	at java.base/sun.nio.ch.NioSocketImpl.connect(NioSocketImpl.java:567) ~[?:?]
	at java.base/java.net.SocksSocketImpl.connect(SocksSocketImpl.java:327) ~[?:?]
	at java.base/java.net.Socket.connect(Socket.java:751) ~[?:?]
	at java.base/sun.security.ssl.SSLSocketImpl.connect(SSLSocketImpl.java:304) ~[?:?]
	at java.base/sun.net.NetworkClient.doConnect(NetworkClient.java:178) ~[?:?]
	at java.base/sun.net.www.http.HttpClient.openServer(HttpClient.java:531) ~[?:?]
	at java.base/sun.net.www.http.HttpClient.openServer(HttpClient.java:636) ~[?:?]
	at java.base/sun.net.www.protocol.https.HttpsClient.<init>(HttpsClient.java:264) ~[?:?]
	at java.base/sun.net.www.protocol.https.HttpsClient.New(HttpsClient.java:377) ~[?:?]
	at java.base/sun.net.www.protocol.https.AbstractDelegateHttpsURLConnection.getNewHttpClient(AbstractDelegateHttpsURLConnection.java:193) ~[?:?]
	at java.base/sun.net.www.protocol.http.HttpURLConnection.plainConnect0(HttpURLConnection.java:1297) ~[?:?]
	at java.base/sun.net.www.protocol.http.HttpURLConnection.plainConnect(HttpURLConnection.java:1138) ~[?:?]
	at java.base/sun.net.www.protocol.https.AbstractDelegateHttpsURLConnection.connect(AbstractDelegateHttpsURLConnection.java:179) ~[?:?]
	at java.base/sun.net.www.protocol.http.HttpURLConnection.getInputStream0(HttpURLConnection.java:1690) ~[?:?]
	at java.base/sun.net.www.protocol.http.HttpURLConnection.getInputStream(HttpURLConnection.java:1614) ~[?:?]
	at java.base/java.net.HttpURLConnection.getResponseCode(HttpURLConnection.java:531) ~[?:?]
	at java.base/sun.net.www.protocol.https.HttpsURLConnectionImpl.getResponseCode(HttpsURLConnectionImpl.java:307) ~[?:?]
	at knot/com.mojang.authlib.minecraft.client.MinecraftClient.readInputStream(MinecraftClient.java:82) ~[authlib-6.0.57.jar:?]
	... 9 more
[12:49:46] [Render thread/WARN] (WeaponBuilder) 
Dear mod developer, 
It's commonly bad practice to override the translation key 
We suggest adding a translation json instead--Refer to the fabric docs for more info.
[12:49:46] [Render thread/WARN] (WeaponBuilder) 
Dear mod developer, 
It's commonly bad practice to override the translation key 
We suggest adding a translation json instead--Refer to the fabric docs for more info.
[12:49:46] [Render thread/INFO] (Indigo) [Indigo] Registering Indigo renderer!
[12:49:46] [Render thread/INFO] (Minecraft) Backend library: LWJGL version 3.3.3-snapshot
[12:49:47] [Render thread/INFO] (Minecraft) Reloading ResourceManager: vanilla, fabric, fabric-api, fabric-api-base, fabric-api-lookup-api-v1, fabric-biome-api-v1, fabric-block-api-v1, fabric-block-view-api-v2, fabric-blockrenderlayer-v1, fabric-client-gametest-api-v1, fabric-client-tags-api-v1, fabric-command-api-v1, fabric-command-api-v2, fabric-commands-v0, fabric-content-registries-v0, fabric-convention-tags-v1, fabric-convention-tags-v2, fabric-crash-report-info-v1, fabric-data-attachment-api-v1, fabric-data-generation-api-v1, fabric-dimensions-v1, fabric-entity-events-v1, fabric-events-interaction-v0, fabric-game-rule-api-v1, fabric-gametest-api-v1, fabric-item-api-v1, fabric-item-group-api-v1, fabric-key-binding-api-v1, fabric-keybindings-v0, fabric-lifecycle-events-v1, fabric-loot-api-v2, fabric-loot-api-v3, fabric-message-api-v1, fabric-model-loading-api-v1, fabric-networking-api-v1, fabric-object-builder-api-v1, fabric-particles-v1, fabric-recipe-api-v1, fabric-registry-sync-v0, fabric-renderer-api-v1, fabric-renderer-indigo, fabric-rendering-data-attachment-v1, fabric-rendering-fluids-v1, fabric-rendering-v1, fabric-resource-conditions-api-v1, fabric-resource-loader-v0, fabric-screen-api-v1, fabric-screen-handler-api-v1, fabric-sound-api-v1, fabric-tag-api-v1, fabric-transfer-api-v1, fabric-transitive-access-wideners-v1, fabricloader
[12:49:47] [Worker-Main-3/INFO] (Minecraft) Found unifont_all_no_pua-16.0.01.hex, loading
[12:49:48] [Worker-Main-3/INFO] (Minecraft) Found unifont_jp_patch-16.0.01.hex, loading
[12:49:48] [Render thread/INFO] (Minecraft) OpenAL initialized on device Wireless Edible Shampoo
[12:49:48] [Render thread/INFO] (Minecraft) Sound engine started
[12:49:48] [Render thread/INFO] (Minecraft) Created: 1024x512x4 minecraft:textures/atlas/blocks.png-atlas
[12:49:48] [Render thread/INFO] (Minecraft) Created: 256x256x4 minecraft:textures/atlas/signs.png-atlas
[12:49:48] [Render thread/INFO] (Minecraft) Created: 512x512x4 minecraft:textures/atlas/banner_patterns.png-atlas
[12:49:48] [Render thread/INFO] (Minecraft) Created: 512x512x4 minecraft:textures/atlas/shield_patterns.png-atlas
[12:49:48] [Render thread/INFO] (Minecraft) Created: 2048x1024x4 minecraft:textures/atlas/armor_trims.png-atlas
[12:49:48] [Render thread/INFO] (Minecraft) Created: 256x256x4 minecraft:textures/atlas/chest.png-atlas
[12:49:48] [Render thread/INFO] (Minecraft) Created: 128x64x4 minecraft:textures/atlas/decorated_pot.png-atlas
[12:49:48] [Render thread/INFO] (Minecraft) Created: 512x256x4 minecraft:textures/atlas/beds.png-atlas
[12:49:48] [Render thread/INFO] (Minecraft) Created: 512x256x4 minecraft:textures/atlas/shulker_boxes.png-atlas
[12:49:48] [Render thread/INFO] (Minecraft) Created: 64x64x0 minecraft:textures/atlas/map_decorations.png-atlas
[12:49:49] [Render thread/INFO] (Minecraft) Created: 512x256x0 minecraft:textures/atlas/particles.png-atlas
[12:49:49] [Render thread/INFO] (Minecraft) Created: 512x256x0 minecraft:textures/atlas/paintings.png-atlas
[12:49:49] [Render thread/INFO] (Minecraft) Created: 256x128x0 minecraft:textures/atlas/mob_effects.png-atlas
[12:49:49] [Render thread/INFO] (Minecraft) Created: 1024x512x0 minecraft:textures/atlas/gui.png-atlas
[12:49:53] [Render thread/INFO] (Minecraft) Loaded 1370 recipes
[12:49:53] [Render thread/INFO] (Minecraft) Loaded 1481 advancements
[12:49:53] [Render thread/INFO] (BiomeModificationImpl) Applied 0 biome modifications to 0 of 65 new biomes in 725.6 μs
[12:49:53] [Server thread/INFO] (Minecraft) Starting integrated minecraft server version 1.21.4
[12:49:53] [Server thread/INFO] (Minecraft) Generating keypair
[12:49:53] [Server thread/INFO] (Minecraft) Preparing start region for dimension minecraft:overworld
[12:49:54] [Render thread/INFO] (Minecraft) Preparing spawn area: 0%
[12:49:54] [Render thread/INFO] (Minecraft) Preparing spawn area: 0%
[12:49:54] [Render thread/INFO] (Minecraft) Preparing spawn area: 0%
[12:49:55] [Render thread/INFO] (Minecraft) Time elapsed: 1203 ms
[12:49:55] [Server thread/INFO] (Minecraft) Changing view distance to 12, from 10
[12:49:55] [Server thread/INFO] (Minecraft) Changing simulation distance to 12, from 0
[12:49:55] [IO-Worker-2/INFO] (Minecraft) System default audio device has changed!
[12:49:55] [Render thread/INFO] (Minecraft) OpenAL initialized on device MacBook Pro Speakers
[12:49:55] [Render thread/INFO] (Minecraft) Sound engine started
[12:49:55] [Server thread/INFO] (Minecraft) Player245[local:E:883025d7] logged in with entity id 41 at (-499.50332017612004, 69.0, 221.7731232435328)
[12:49:55] [Server thread/INFO] (Minecraft) Player245 joined the game
[12:49:55] [Render thread/WARN] (Minecraft) Ignoring chat session from Player245 due to missing Services public key
[12:49:55] [Render thread/INFO] (Minecraft) Loaded 2 advancements
[12:50:03] [Render thread/INFO] (Minecraft) [STDOUT]: axe used
[12:50:03] [Server thread/INFO] (Minecraft) [STDOUT]: axe used
[12:50:05] [Server thread/INFO] (Minecraft) Saving and pausing game...
[12:50:05] [Server thread/INFO] (Minecraft) Saving chunks for level 'ServerLevel[New World]'/minecraft:overworld
[12:50:05] [Server thread/INFO] (Minecraft) Saving chunks for level 'ServerLevel[New World]'/minecraft:the_nether
[12:50:05] [Server thread/INFO] (Minecraft) Saving chunks for level 'ServerLevel[New World]'/minecraft:the_end
[12:50:12] [Render thread/INFO] (Minecraft) [STDOUT]: axe used
[12:50:12] [Server thread/INFO] (Minecraft) [STDOUT]: axe used
[12:50:15] [Server thread/INFO] (Minecraft) Saving and pausing game...
[12:50:15] [Server thread/INFO] (Minecraft) Saving chunks for level 'ServerLevel[New World]'/minecraft:overworld
[12:50:15] [Server thread/INFO] (Minecraft) Saving chunks for level 'ServerLevel[New World]'/minecraft:the_nether
[12:50:15] [Server thread/INFO] (Minecraft) Saving chunks for level 'ServerLevel[New World]'/minecraft:the_end
[12:50:27] [Render thread/INFO] (Minecraft) [STDOUT]: axe used
[12:50:27] [Server thread/INFO] (Minecraft) [STDOUT]: axe used
[12:50:27] [Render thread/INFO] (Minecraft) [STDOUT]: axe used
[12:50:27] [Server thread/INFO] (Minecraft) [STDOUT]: axe used
[12:50:27] [Render thread/INFO] (Minecraft) [STDOUT]: axe used
[12:50:27] [Server thread/INFO] (Minecraft) [STDOUT]: axe used
[12:50:27] [Render thread/INFO] (Minecraft) [STDOUT]: axe used
[12:50:27] [Server thread/INFO] (Minecraft) [STDOUT]: axe used
[12:50:28] [Render thread/INFO] (Minecraft) [STDOUT]: axe used
[12:50:28] [Server thread/INFO] (Minecraft) [STDOUT]: axe used
[12:50:28] [Render thread/INFO] (Minecraft) [STDOUT]: axe used
[12:50:28] [Server thread/INFO] (Minecraft) [STDOUT]: axe used
[12:50:28] [Render thread/INFO] (Minecraft) [STDOUT]: axe used
[12:50:28] [Server thread/INFO] (Minecraft) [STDOUT]: axe used
[12:50:28] [Render thread/INFO] (Minecraft) [STDOUT]: axe used
[12:50:28] [Server thread/INFO] (Minecraft) [STDOUT]: axe used
[12:50:28] [Render thread/INFO] (Minecraft) [STDOUT]: axe used
[12:50:28] [Server thread/INFO] (Minecraft) [STDOUT]: axe used
[12:50:29] [Render thread/INFO] (Minecraft) [STDOUT]: axe used
[12:50:29] [Server thread/INFO] (Minecraft) [STDOUT]: axe used
[12:50:29] [Render thread/INFO] (Minecraft) [STDOUT]: axe used
[12:50:29] [Server thread/INFO] (Minecraft) [STDOUT]: axe used
[12:50:29] [Render thread/INFO] (Minecraft) [STDOUT]: axe used
[12:50:29] [Server thread/INFO] (Minecraft) [STDOUT]: axe used
[12:50:32] [Render thread/INFO] (Minecraft) Loaded 38 advancements
[12:50:33] [Render thread/INFO] (Minecraft) Loaded 41 advancements
[12:50:33] [Render thread/INFO] (Minecraft) Loaded 45 advancements
[12:50:36] [Render thread/INFO] (Minecraft) Loaded 48 advancements
[12:50:45] [Server thread/INFO] (Minecraft) [STDOUT]: Hit an animal and slammed
[12:50:48] [Server thread/INFO] (Minecraft) [STDOUT]: Hit an animal and slammed
[12:50:50] [Render thread/INFO] (Minecraft) Loaded 58 advancements
[12:50:50] [Server thread/INFO] (Minecraft) Saving and pausing game...
[12:50:50] [Server thread/INFO] (Minecraft) Saving chunks for level 'ServerLevel[New World]'/minecraft:overworld
[12:50:50] [Server thread/INFO] (Minecraft) Saving chunks for level 'ServerLevel[New World]'/minecraft:the_nether
[12:50:50] [Server thread/INFO] (Minecraft) Saving chunks for level 'ServerLevel[New World]'/minecraft:the_end
[12:50:51] [Server thread/INFO] (Minecraft) Player245 lost connection: Disconnected
[12:50:51] [Server thread/INFO] (Minecraft) Player245 left the game
[12:50:51] [Server thread/INFO] (Minecraft) Stopping singleplayer server as player logged out
[12:50:51] [Server thread/INFO] (Minecraft) Stopping server
[12:50:51] [Server thread/INFO] (Minecraft) Saving players
[12:50:51] [Server thread/INFO] (Minecraft) Saving worlds
[12:50:51] [Server thread/INFO] (Minecraft) Saving chunks for level 'ServerLevel[New World]'/minecraft:overworld
[12:50:51] [Server thread/INFO] (Minecraft) Saving chunks for level 'ServerLevel[New World]'/minecraft:the_nether
[12:50:51] [Server thread/INFO] (Minecraft) Saving chunks for level 'ServerLevel[New World]'/minecraft:the_end
[12:50:51] [Server thread/INFO] (Minecraft) ThreadedAnvilChunkStorage (New World): All chunks are saved
[12:50:51] [Server thread/INFO] (Minecraft) ThreadedAnvilChunkStorage (DIM-1): All chunks are saved
[12:50:51] [Server thread/INFO] (Minecraft) ThreadedAnvilChunkStorage (DIM1): All chunks are saved
[12:50:51] [Server thread/INFO] (Minecraft) ThreadedAnvilChunkStorage: All dimensions are saved
[12:50:52] [Render thread/INFO] (Minecraft) Stopping!
